#! /usr/bin/vvp
:ivl_version "11.0 (stable)" "(v11_0)";
:ivl_delay_selection "TYPICAL";
:vpi_time_precision - 9;
:vpi_module "/usr/lib/ivl/system.vpi";
:vpi_module "/usr/lib/ivl/vhdl_sys.vpi";
:vpi_module "/usr/lib/ivl/vhdl_textio.vpi";
:vpi_module "/usr/lib/ivl/v2005_math.vpi";
:vpi_module "/usr/lib/ivl/va_math.vpi";
S_0x556af7292740 .scope module, "CPU" "CPU" 2 11;
 .timescale -9 -9;
v0x556af72e93d0_0 .net "ALU_Code", 2 0, v0x556af72e52f0_0;  1 drivers
v0x556af72e94b0_0 .net "alumuxout", 15 0, v0x556af72e57d0_0;  1 drivers
v0x556af72e95c0_0 .net "alusrc", 0 0, v0x556af72e5e90_0;  1 drivers
v0x556af72e96b0_0 .net "branch", 0 0, v0x556af72e5f50_0;  1 drivers
v0x556af72e9750_0 .var "clk", 0 0;
v0x556af72e9890_0 .net "func", 3 0, L_0x556af72ead40;  1 drivers
v0x556af72e9930_0 .net "immediate", 6 0, L_0x556af72eae30;  1 drivers
v0x556af72e99d0_0 .net "instruction", 15 0, L_0x556af72eb800;  1 drivers
v0x556af72e9a70_0 .net "isZero", 0 0, L_0x556af72eb0e0;  1 drivers
v0x556af72e9ba0_0 .net "jump", 0 0, v0x556af72e5ff0_0;  1 drivers
v0x556af72e9c70_0 .net "jumpaddr", 12 0, L_0x556af72eaf60;  1 drivers
v0x556af72e9d10_0 .net "mem_out", 15 0, L_0x556af72eb980;  1 drivers
v0x556af72e9db0_0 .net "memmuxresult", 15 0, v0x556af72e79b0_0;  1 drivers
v0x556af72e9ea0_0 .net "memtoreg", 0 0, v0x556af72e60c0_0;  1 drivers
v0x556af72e9f90_0 .net "memwrite", 0 0, v0x556af72e6180_0;  1 drivers
v0x556af72ea080_0 .net "opcode", 2 0, L_0x556af72eaa00;  1 drivers
v0x556af72ea190_0 .var "pc", 15 0;
v0x556af72ea250_0 .net "rd", 2 0, L_0x556af72eaca0;  1 drivers
v0x556af72ea2f0_0 .net "read1", 15 0, L_0x556af72eb330;  1 drivers
v0x556af72ea3e0_0 .net "read2", 15 0, L_0x556af72eb610;  1 drivers
v0x556af72ea4a0_0 .net "reg_dest", 0 0, v0x556af72e6350_0;  1 drivers
v0x556af72ea590_0 .net "reg_result", 2 0, v0x556af72e91b0_0;  1 drivers
v0x556af72ea6a0_0 .net "regwrite", 0 0, v0x556af72e63f0_0;  1 drivers
v0x556af72ea790_0 .net "res", 15 0, v0x556af72e4cd0_0;  1 drivers
v0x556af72ea850_0 .net "rs", 2 0, L_0x556af72eab10;  1 drivers
v0x556af72ea910_0 .net "rt", 2 0, L_0x556af72eac00;  1 drivers
L_0x556af72eaa00 .part L_0x556af72eb800, 13, 3;
L_0x556af72eab10 .part L_0x556af72eb800, 10, 3;
L_0x556af72eac00 .part L_0x556af72eb800, 7, 3;
L_0x556af72eaca0 .part L_0x556af72eb800, 4, 3;
L_0x556af72ead40 .part L_0x556af72eb800, 0, 4;
L_0x556af72eae30 .part L_0x556af72eb800, 0, 7;
L_0x556af72eaf60 .part L_0x556af72eb800, 0, 13;
S_0x556af72928d0 .scope module, "alu_test" "alu" 2 44, 3 1 0, S_0x556af7292740;
 .timescale -9 -9;
    .port_info 0 /INPUT 16 "A";
    .port_info 1 /INPUT 16 "B";
    .port_info 2 /INPUT 3 "ALU_Code";
    .port_info 3 /OUTPUT 16 "ALU_Out";
    .port_info 4 /OUTPUT 1 "Carry";
    .port_info 5 /OUTPUT 1 "isZero";
L_0x556af72eb070 .functor BUFZ 1, v0x556af72e4db0_0, C4<0>, C4<0>, C4<0>;
L_0x556af72eb0e0 .functor BUFZ 1, v0x556af72e4f30_0, C4<0>, C4<0>, C4<0>;
v0x556af72bf8f0_0 .net "A", 15 0, L_0x556af72eb330;  alias, 1 drivers
v0x556af72e4990_0 .net "ALU_Code", 2 0, v0x556af72e52f0_0;  alias, 1 drivers
v0x556af72e4a70_0 .net "ALU_Out", 15 0, v0x556af72e4cd0_0;  alias, 1 drivers
v0x556af72e4b30_0 .net "B", 15 0, v0x556af72e57d0_0;  alias, 1 drivers
v0x556af72e4c10_0 .net "Carry", 0 0, L_0x556af72eb070;  1 drivers
v0x556af72e4cd0_0 .var "Result", 15 0;
v0x556af72e4db0_0 .var "carry", 0 0;
v0x556af72e4e70_0 .net "isZero", 0 0, L_0x556af72eb0e0;  alias, 1 drivers
v0x556af72e4f30_0 .var "iszero", 0 0;
E_0x556af72b5cf0 .event edge, v0x556af72e4990_0, v0x556af72bf8f0_0, v0x556af72e4b30_0, v0x556af72e4cd0_0;
S_0x556af72e50b0 .scope module, "aluctrl_test" "aluctrl" 2 50, 4 1 0, S_0x556af7292740;
 .timescale -9 -9;
    .port_info 0 /INPUT 3 "opcode";
    .port_info 1 /INPUT 4 "func";
    .port_info 2 /OUTPUT 3 "ALU_Code";
v0x556af72e52f0_0 .var "ALU_Code", 2 0;
v0x556af72e53d0_0 .net "func", 3 0, L_0x556af72ead40;  alias, 1 drivers
v0x556af72e5490_0 .net "opcode", 2 0, L_0x556af72eaa00;  alias, 1 drivers
E_0x556af72b5a70 .event edge, v0x556af72e5490_0, v0x556af72e53d0_0;
S_0x556af72e55d0 .scope module, "alumux_test" "alumux" 2 48, 5 1 0, S_0x556af7292740;
 .timescale -9 -9;
    .port_info 0 /INPUT 7 "immediate";
    .port_info 1 /INPUT 16 "read2";
    .port_info 2 /INPUT 1 "alusrc";
    .port_info 3 /OUTPUT 16 "alumuxout";
v0x556af72e57d0_0 .var "alumuxout", 15 0;
v0x556af72e5890_0 .net "alusrc", 0 0, v0x556af72e5e90_0;  alias, 1 drivers
v0x556af72e5930_0 .net "immediate", 6 0, L_0x556af72eae30;  alias, 1 drivers
v0x556af72e59f0_0 .net "read2", 15 0, L_0x556af72eb610;  alias, 1 drivers
E_0x556af72ca8e0 .event edge, v0x556af72e5890_0, v0x556af72e59f0_0, v0x556af72e5930_0;
S_0x556af72e5b50 .scope module, "control_test" "control" 2 49, 6 1 0, S_0x556af7292740;
 .timescale -9 -9;
    .port_info 0 /INPUT 3 "opcode";
    .port_info 1 /OUTPUT 1 "jump";
    .port_info 2 /OUTPUT 1 "branch";
    .port_info 3 /OUTPUT 1 "memwrite";
    .port_info 4 /OUTPUT 1 "regwrite";
    .port_info 5 /OUTPUT 1 "alusrc";
    .port_info 6 /OUTPUT 1 "reg_dest";
    .port_info 7 /OUTPUT 1 "memtoreg";
v0x556af72e5e90_0 .var "alusrc", 0 0;
v0x556af72e5f50_0 .var "branch", 0 0;
v0x556af72e5ff0_0 .var "jump", 0 0;
v0x556af72e60c0_0 .var "memtoreg", 0 0;
v0x556af72e6180_0 .var "memwrite", 0 0;
v0x556af72e6290_0 .net "opcode", 2 0, L_0x556af72eaa00;  alias, 1 drivers
v0x556af72e6350_0 .var "reg_dest", 0 0;
v0x556af72e63f0_0 .var "regwrite", 0 0;
E_0x556af72ca960 .event edge, v0x556af72e5490_0;
S_0x556af72e6600 .scope module, "imem_test" "imem" 2 47, 7 1 0, S_0x556af7292740;
 .timescale -9 -9;
    .port_info 0 /INPUT 16 "pc";
    .port_info 1 /OUTPUT 16 "instruction";
L_0x556af72eb800 .functor BUFZ 16, L_0x556af72eb710, C4<0000000000000000>, C4<0000000000000000>, C4<0000000000000000>;
v0x556af72e6800_0 .net *"_ivl_0", 15 0, L_0x556af72eb710;  1 drivers
v0x556af72e6900_0 .net "instruction", 15 0, L_0x556af72eb800;  alias, 1 drivers
v0x556af72e69e0_0 .net "pc", 15 0, v0x556af72ea190_0;  1 drivers
v0x556af72e6aa0 .array "ram", 255 0, 15 0;
L_0x556af72eb710 .array/port v0x556af72e6aa0, v0x556af72ea190_0;
S_0x556af72e6bc0 .scope module, "mem_test" "mem" 2 51, 8 1 0, S_0x556af7292740;
 .timescale -9 -9;
    .port_info 0 /INPUT 1 "clk";
    .port_info 1 /INPUT 1 "we";
    .port_info 2 /INPUT 16 "address";
    .port_info 3 /INPUT 16 "data_in";
    .port_info 4 /OUTPUT 16 "data_out";
L_0x556af72eb980 .functor BUFZ 16, L_0x556af72eb8c0, C4<0000000000000000>, C4<0000000000000000>, C4<0000000000000000>;
v0x556af72e6eb0_0 .net *"_ivl_0", 15 0, L_0x556af72eb8c0;  1 drivers
v0x556af72e6fb0_0 .net "address", 15 0, v0x556af72e4cd0_0;  alias, 1 drivers
v0x556af72e70a0_0 .net "clk", 0 0, v0x556af72e9750_0;  1 drivers
v0x556af72e7170_0 .net "data_in", 15 0, L_0x556af72eb610;  alias, 1 drivers
v0x556af72e7240_0 .net "data_out", 15 0, L_0x556af72eb980;  alias, 1 drivers
v0x556af72e7350 .array "ram", 255 0, 15 0;
v0x556af72e7410_0 .net "we", 0 0, v0x556af72e6180_0;  alias, 1 drivers
E_0x556af72e6e50 .event posedge, v0x556af72e70a0_0;
L_0x556af72eb8c0 .array/port v0x556af72e7350, v0x556af72e4cd0_0;
S_0x556af72e7560 .scope module, "memmux_test" "memmux" 2 52, 9 1 0, S_0x556af7292740;
 .timescale -9 -9;
    .port_info 0 /INPUT 16 "data_from_mem";
    .port_info 1 /INPUT 16 "alu_result";
    .port_info 2 /INPUT 1 "memtoreg";
    .port_info 3 /OUTPUT 16 "memmuxout";
v0x556af72e77c0_0 .net "alu_result", 15 0, v0x556af72e4cd0_0;  alias, 1 drivers
v0x556af72e78f0_0 .net "data_from_mem", 15 0, L_0x556af72eb980;  alias, 1 drivers
v0x556af72e79b0_0 .var "memmuxout", 15 0;
v0x556af72e7a80_0 .net "memtoreg", 0 0, v0x556af72e60c0_0;  alias, 1 drivers
E_0x556af72e7740 .event edge, v0x556af72e60c0_0, v0x556af72e4a70_0, v0x556af72e7240_0;
S_0x556af72e7be0 .scope module, "reg_test" "regfile" 2 46, 10 1 0, S_0x556af7292740;
 .timescale -9 -9;
    .port_info 0 /INPUT 1 "clk";
    .port_info 1 /INPUT 1 "write_en";
    .port_info 2 /INPUT 3 "rega";
    .port_info 3 /INPUT 3 "regb";
    .port_info 4 /INPUT 3 "wreg";
    .port_info 5 /INPUT 16 "writedata";
    .port_info 6 /OUTPUT 16 "read1";
    .port_info 7 /OUTPUT 16 "read2";
L_0x556af72eb330 .functor BUFZ 16, L_0x556af72eb150, C4<0000000000000000>, C4<0000000000000000>, C4<0000000000000000>;
L_0x556af72eb610 .functor BUFZ 16, L_0x556af72eb3f0, C4<0000000000000000>, C4<0000000000000000>, C4<0000000000000000>;
v0x556af72e7ee0_0 .net *"_ivl_0", 15 0, L_0x556af72eb150;  1 drivers
v0x556af72e7fe0_0 .net *"_ivl_10", 4 0, L_0x556af72eb490;  1 drivers
L_0x7f7717bcc060 .functor BUFT 1, C4<00>, C4<0>, C4<0>, C4<0>;
v0x556af72e80c0_0 .net *"_ivl_13", 1 0, L_0x7f7717bcc060;  1 drivers
v0x556af72e8180_0 .net *"_ivl_2", 4 0, L_0x556af72eb1f0;  1 drivers
L_0x7f7717bcc018 .functor BUFT 1, C4<00>, C4<0>, C4<0>, C4<0>;
v0x556af72e8260_0 .net *"_ivl_5", 1 0, L_0x7f7717bcc018;  1 drivers
v0x556af72e8390_0 .net *"_ivl_8", 15 0, L_0x556af72eb3f0;  1 drivers
v0x556af72e8470_0 .net "clk", 0 0, v0x556af72e9750_0;  alias, 1 drivers
v0x556af72e8510_0 .net "read1", 15 0, L_0x556af72eb330;  alias, 1 drivers
v0x556af72e85e0_0 .net "read2", 15 0, L_0x556af72eb610;  alias, 1 drivers
v0x556af72e8680 .array "reg8", 0 7, 15 0;
v0x556af72e8740_0 .net "rega", 2 0, L_0x556af72eab10;  alias, 1 drivers
v0x556af72e8820_0 .net "regb", 2 0, L_0x556af72eac00;  alias, 1 drivers
v0x556af72e8900_0 .net "wreg", 2 0, v0x556af72e91b0_0;  alias, 1 drivers
v0x556af72e89e0_0 .net "write_en", 0 0, v0x556af72e63f0_0;  alias, 1 drivers
v0x556af72e8a80_0 .net "writedata", 15 0, v0x556af72e79b0_0;  alias, 1 drivers
L_0x556af72eb150 .array/port v0x556af72e8680, L_0x556af72eb1f0;
L_0x556af72eb1f0 .concat [ 3 2 0 0], L_0x556af72eab10, L_0x7f7717bcc018;
L_0x556af72eb3f0 .array/port v0x556af72e8680, L_0x556af72eb490;
L_0x556af72eb490 .concat [ 3 2 0 0], L_0x556af72eac00, L_0x7f7717bcc060;
S_0x556af72e8c80 .scope module, "regfilemux_test" "regfilemux" 2 45, 11 1 0, S_0x556af7292740;
 .timescale -9 -9;
    .port_info 0 /INPUT 1 "reg_dest";
    .port_info 1 /INPUT 3 "rt";
    .port_info 2 /INPUT 3 "rd";
    .port_info 3 /OUTPUT 3 "reg_result";
v0x556af72e8fc0_0 .net "rd", 2 0, L_0x556af72eaca0;  alias, 1 drivers
v0x556af72e90c0_0 .net "reg_dest", 0 0, v0x556af72e6350_0;  alias, 1 drivers
v0x556af72e91b0_0 .var "reg_result", 2 0;
v0x556af72e92b0_0 .net "rt", 2 0, L_0x556af72eac00;  alias, 1 drivers
E_0x556af72e8f40 .event edge, v0x556af72e6350_0, v0x556af72e8fc0_0, v0x556af72e8820_0;
    .scope S_0x556af72928d0;
T_0 ;
    %wait E_0x556af72b5cf0;
    %load/vec4 v0x556af72e4990_0;
    %dup/vec4;
    %pushi/vec4 0, 0, 3;
    %cmp/u;
    %jmp/1 T_0.0, 6;
    %dup/vec4;
    %pushi/vec4 1, 0, 3;
    %cmp/u;
    %jmp/1 T_0.1, 6;
    %dup/vec4;
    %pushi/vec4 2, 0, 3;
    %cmp/u;
    %jmp/1 T_0.2, 6;
    %dup/vec4;
    %pushi/vec4 3, 0, 3;
    %cmp/u;
    %jmp/1 T_0.3, 6;
    %dup/vec4;
    %pushi/vec4 4, 0, 3;
    %cmp/u;
    %jmp/1 T_0.4, 6;
    %dup/vec4;
    %pushi/vec4 5, 0, 3;
    %cmp/u;
    %jmp/1 T_0.5, 6;
    %dup/vec4;
    %pushi/vec4 6, 0, 3;
    %cmp/u;
    %jmp/1 T_0.6, 6;
    %dup/vec4;
    %pushi/vec4 7, 0, 3;
    %cmp/u;
    %jmp/1 T_0.7, 6;
    %load/vec4 v0x556af72bf8f0_0;
    %load/vec4 v0x556af72e4b30_0;
    %add;
    %store/vec4 v0x556af72e4cd0_0, 0, 16;
    %jmp T_0.9;
T_0.0 ;
    %load/vec4 v0x556af72bf8f0_0;
    %pad/u 17;
    %load/vec4 v0x556af72e4b30_0;
    %pad/u 17;
    %add;
    %split/vec4 16;
    %store/vec4 v0x556af72e4cd0_0, 0, 16;
    %store/vec4 v0x556af72e4db0_0, 0, 1;
    %jmp T_0.9;
T_0.1 ;
    %load/vec4 v0x556af72bf8f0_0;
    %load/vec4 v0x556af72e4b30_0;
    %inv;
    %addi 1, 0, 16;
    %add;
    %store/vec4 v0x556af72e4cd0_0, 0, 16;
    %jmp T_0.9;
T_0.2 ;
    %load/vec4 v0x556af72bf8f0_0;
    %ix/getv 4, v0x556af72e4b30_0;
    %shiftl 4;
    %store/vec4 v0x556af72e4cd0_0, 0, 16;
    %jmp T_0.9;
T_0.3 ;
    %load/vec4 v0x556af72bf8f0_0;
    %load/vec4 v0x556af72e4b30_0;
    %cmp/u;
    %flag_get/vec4 5;
    %pad/u 16;
    %store/vec4 v0x556af72e4cd0_0, 0, 16;
    %jmp T_0.9;
T_0.4 ;
    %load/vec4 v0x556af72bf8f0_0;
    %load/vec4 v0x556af72e4b30_0;
    %and;
    %store/vec4 v0x556af72e4cd0_0, 0, 16;
    %jmp T_0.9;
T_0.5 ;
    %load/vec4 v0x556af72bf8f0_0;
    %load/vec4 v0x556af72e4b30_0;
    %or;
    %store/vec4 v0x556af72e4cd0_0, 0, 16;
    %jmp T_0.9;
T_0.6 ;
    %load/vec4 v0x556af72bf8f0_0;
    %inv;
    %store/vec4 v0x556af72e4cd0_0, 0, 16;
    %jmp T_0.9;
T_0.7 ;
    %load/vec4 v0x556af72bf8f0_0;
    %load/vec4 v0x556af72e4b30_0;
    %xor;
    %store/vec4 v0x556af72e4cd0_0, 0, 16;
    %jmp T_0.9;
T_0.9 ;
    %pop/vec4 1;
    %load/vec4 v0x556af72e4cd0_0;
    %pad/u 32;
    %cmpi/e 0, 0, 32;
    %flag_mov 8, 4;
    %jmp/0 T_0.10, 8;
    %pushi/vec4 1, 0, 2;
    %jmp/1 T_0.11, 8;
T_0.10 ; End of true expr.
    %pushi/vec4 0, 0, 2;
    %jmp/0 T_0.11, 8;
 ; End of false expr.
    %blend;
T_0.11;
    %pad/s 1;
    %store/vec4 v0x556af72e4f30_0, 0, 1;
    %jmp T_0;
    .thread T_0, $push;
    .scope S_0x556af72e8c80;
T_1 ;
    %wait E_0x556af72e8f40;
    %load/vec4 v0x556af72e90c0_0;
    %dup/vec4;
    %pushi/vec4 0, 0, 1;
    %cmp/u;
    %jmp/1 T_1.0, 6;
    %dup/vec4;
    %pushi/vec4 1, 0, 1;
    %cmp/u;
    %jmp/1 T_1.1, 6;
    %jmp T_1.2;
T_1.0 ;
    %load/vec4 v0x556af72e8fc0_0;
    %store/vec4 v0x556af72e91b0_0, 0, 3;
    %jmp T_1.2;
T_1.1 ;
    %load/vec4 v0x556af72e92b0_0;
    %store/vec4 v0x556af72e91b0_0, 0, 3;
    %jmp T_1.2;
T_1.2 ;
    %pop/vec4 1;
    %jmp T_1;
    .thread T_1, $push;
    .scope S_0x556af72e7be0;
T_2 ;
    %pushi/vec4 0, 0, 16;
    %ix/load 3, 0, 0;
    %flag_set/imm 4, 0;
    %ix/load 4, 0, 0; Constant delay
    %assign/vec4/a/d v0x556af72e8680, 0, 4;
    %pushi/vec4 0, 0, 16;
    %ix/load 3, 1, 0;
    %flag_set/imm 4, 0;
    %ix/load 4, 0, 0; Constant delay
    %assign/vec4/a/d v0x556af72e8680, 0, 4;
    %pushi/vec4 0, 0, 16;
    %ix/load 3, 2, 0;
    %flag_set/imm 4, 0;
    %ix/load 4, 0, 0; Constant delay
    %assign/vec4/a/d v0x556af72e8680, 0, 4;
    %pushi/vec4 0, 0, 16;
    %ix/load 3, 3, 0;
    %flag_set/imm 4, 0;
    %ix/load 4, 0, 0; Constant delay
    %assign/vec4/a/d v0x556af72e8680, 0, 4;
    %pushi/vec4 0, 0, 16;
    %ix/load 3, 4, 0;
    %flag_set/imm 4, 0;
    %ix/load 4, 0, 0; Constant delay
    %assign/vec4/a/d v0x556af72e8680, 0, 4;
    %pushi/vec4 0, 0, 16;
    %ix/load 3, 5, 0;
    %flag_set/imm 4, 0;
    %ix/load 4, 0, 0; Constant delay
    %assign/vec4/a/d v0x556af72e8680, 0, 4;
    %pushi/vec4 0, 0, 16;
    %ix/load 3, 6, 0;
    %flag_set/imm 4, 0;
    %ix/load 4, 0, 0; Constant delay
    %assign/vec4/a/d v0x556af72e8680, 0, 4;
    %pushi/vec4 0, 0, 16;
    %ix/load 3, 7, 0;
    %flag_set/imm 4, 0;
    %ix/load 4, 0, 0; Constant delay
    %assign/vec4/a/d v0x556af72e8680, 0, 4;
    %end;
    .thread T_2;
    .scope S_0x556af72e7be0;
T_3 ;
    %wait E_0x556af72e6e50;
    %load/vec4 v0x556af72e89e0_0;
    %load/vec4 v0x556af72e8900_0;
    %pad/u 32;
    %pushi/vec4 7, 0, 32;
    %cmp/ne;
    %flag_get/vec4 4;
    %and;
    %flag_set/vec4 8;
    %jmp/0xz  T_3.0, 8;
    %load/vec4 v0x556af72e8a80_0;
    %load/vec4 v0x556af72e8900_0;
    %pad/u 5;
    %ix/vec4 3;
    %ix/load 4, 0, 0; Constant delay
    %assign/vec4/a/d v0x556af72e8680, 0, 4;
T_3.0 ;
    %vpi_call 10 26 "$monitor", "reg 0: %d    reg 4: %d \012reg 1: %d    reg 5: %d \012reg 2: %d    reg 6: %d \012reg 3: %d    reg 7: %d\012", &A<v0x556af72e8680, 0>, &A<v0x556af72e8680, 4>, &A<v0x556af72e8680, 1>, &A<v0x556af72e8680, 5>, &A<v0x556af72e8680, 2>, &A<v0x556af72e8680, 6>, &A<v0x556af72e8680, 3>, &A<v0x556af72e8680, 7> {0 0 0};
    %jmp T_3;
    .thread T_3;
    .scope S_0x556af72e6600;
T_4 ;
    %vpi_call 7 8 "$readmemb", "code.txt", v0x556af72e6aa0 {0 0 0};
    %end;
    .thread T_4;
    .scope S_0x556af72e55d0;
T_5 ;
    %wait E_0x556af72ca8e0;
    %load/vec4 v0x556af72e5890_0;
    %dup/vec4;
    %pushi/vec4 0, 0, 1;
    %cmp/u;
    %jmp/1 T_5.0, 6;
    %dup/vec4;
    %pushi/vec4 1, 0, 1;
    %cmp/u;
    %jmp/1 T_5.1, 6;
    %jmp T_5.2;
T_5.0 ;
    %load/vec4 v0x556af72e59f0_0;
    %store/vec4 v0x556af72e57d0_0, 0, 16;
    %jmp T_5.2;
T_5.1 ;
    %pushi/vec4 0, 0, 9;
    %load/vec4 v0x556af72e5930_0;
    %concat/vec4; draw_concat_vec4
    %store/vec4 v0x556af72e57d0_0, 0, 16;
    %jmp T_5.2;
T_5.2 ;
    %pop/vec4 1;
    %jmp T_5;
    .thread T_5, $push;
    .scope S_0x556af72e5b50;
T_6 ;
    %wait E_0x556af72ca960;
    %load/vec4 v0x556af72e6290_0;
    %dup/vec4;
    %pushi/vec4 0, 0, 3;
    %cmp/u;
    %jmp/1 T_6.0, 6;
    %dup/vec4;
    %pushi/vec4 1, 0, 3;
    %cmp/u;
    %jmp/1 T_6.1, 6;
    %dup/vec4;
    %pushi/vec4 2, 0, 3;
    %cmp/u;
    %jmp/1 T_6.2, 6;
    %dup/vec4;
    %pushi/vec4 3, 0, 3;
    %cmp/u;
    %jmp/1 T_6.3, 6;
    %dup/vec4;
    %pushi/vec4 4, 0, 3;
    %cmp/u;
    %jmp/1 T_6.4, 6;
    %dup/vec4;
    %pushi/vec4 5, 0, 3;
    %cmp/u;
    %jmp/1 T_6.5, 6;
    %dup/vec4;
    %pushi/vec4 6, 0, 3;
    %cmp/u;
    %jmp/1 T_6.6, 6;
    %jmp T_6.7;
T_6.0 ;
    %pushi/vec4 0, 0, 1;
    %store/vec4 v0x556af72e5ff0_0, 0, 1;
    %pushi/vec4 0, 0, 1;
    %store/vec4 v0x556af72e5f50_0, 0, 1;
    %pushi/vec4 0, 0, 1;
    %store/vec4 v0x556af72e6180_0, 0, 1;
    %pushi/vec4 1, 0, 1;
    %store/vec4 v0x556af72e63f0_0, 0, 1;
    %pushi/vec4 0, 0, 1;
    %store/vec4 v0x556af72e5e90_0, 0, 1;
    %pushi/vec4 0, 0, 1;
    %store/vec4 v0x556af72e6350_0, 0, 1;
    %pushi/vec4 0, 0, 1;
    %store/vec4 v0x556af72e60c0_0, 0, 1;
    %jmp T_6.7;
T_6.1 ;
    %pushi/vec4 0, 0, 1;
    %store/vec4 v0x556af72e5ff0_0, 0, 1;
    %pushi/vec4 0, 0, 1;
    %store/vec4 v0x556af72e5f50_0, 0, 1;
    %pushi/vec4 0, 0, 1;
    %store/vec4 v0x556af72e6180_0, 0, 1;
    %pushi/vec4 1, 0, 1;
    %store/vec4 v0x556af72e63f0_0, 0, 1;
    %pushi/vec4 1, 0, 1;
    %store/vec4 v0x556af72e5e90_0, 0, 1;
    %pushi/vec4 1, 0, 1;
    %store/vec4 v0x556af72e6350_0, 0, 1;
    %pushi/vec4 0, 0, 1;
    %store/vec4 v0x556af72e60c0_0, 0, 1;
    %jmp T_6.7;
T_6.2 ;
    %pushi/vec4 0, 0, 1;
    %store/vec4 v0x556af72e5ff0_0, 0, 1;
    %pushi/vec4 0, 0, 1;
    %store/vec4 v0x556af72e5f50_0, 0, 1;
    %pushi/vec4 0, 0, 1;
    %store/vec4 v0x556af72e6180_0, 0, 1;
    %pushi/vec4 1, 0, 1;
    %store/vec4 v0x556af72e63f0_0, 0, 1;
    %pushi/vec4 1, 0, 1;
    %store/vec4 v0x556af72e5e90_0, 0, 1;
    %pushi/vec4 1, 0, 1;
    %store/vec4 v0x556af72e6350_0, 0, 1;
    %pushi/vec4 0, 0, 1;
    %store/vec4 v0x556af72e60c0_0, 0, 1;
    %jmp T_6.7;
T_6.3 ;
    %pushi/vec4 0, 0, 1;
    %store/vec4 v0x556af72e5ff0_0, 0, 1;
    %pushi/vec4 0, 0, 1;
    %store/vec4 v0x556af72e5f50_0, 0, 1;
    %pushi/vec4 1, 0, 1;
    %store/vec4 v0x556af72e6180_0, 0, 1;
    %pushi/vec4 0, 0, 1;
    %store/vec4 v0x556af72e63f0_0, 0, 1;
    %pushi/vec4 1, 0, 1;
    %store/vec4 v0x556af72e5e90_0, 0, 1;
    %pushi/vec4 1, 0, 1;
    %store/vec4 v0x556af72e6350_0, 0, 1;
    %pushi/vec4 0, 0, 1;
    %store/vec4 v0x556af72e60c0_0, 0, 1;
    %jmp T_6.7;
T_6.4 ;
    %pushi/vec4 0, 0, 1;
    %store/vec4 v0x556af72e5ff0_0, 0, 1;
    %pushi/vec4 0, 0, 1;
    %store/vec4 v0x556af72e5f50_0, 0, 1;
    %pushi/vec4 0, 0, 1;
    %store/vec4 v0x556af72e6180_0, 0, 1;
    %pushi/vec4 1, 0, 1;
    %store/vec4 v0x556af72e63f0_0, 0, 1;
    %pushi/vec4 1, 0, 1;
    %store/vec4 v0x556af72e5e90_0, 0, 1;
    %pushi/vec4 1, 0, 1;
    %store/vec4 v0x556af72e6350_0, 0, 1;
    %pushi/vec4 1, 0, 1;
    %store/vec4 v0x556af72e60c0_0, 0, 1;
    %jmp T_6.7;
T_6.5 ;
    %pushi/vec4 1, 0, 1;
    %store/vec4 v0x556af72e5ff0_0, 0, 1;
    %pushi/vec4 0, 0, 1;
    %store/vec4 v0x556af72e5f50_0, 0, 1;
    %pushi/vec4 0, 0, 1;
    %store/vec4 v0x556af72e6180_0, 0, 1;
    %pushi/vec4 0, 0, 1;
    %store/vec4 v0x556af72e63f0_0, 0, 1;
    %pushi/vec4 0, 0, 1;
    %store/vec4 v0x556af72e5e90_0, 0, 1;
    %pushi/vec4 0, 0, 1;
    %store/vec4 v0x556af72e6350_0, 0, 1;
    %pushi/vec4 0, 0, 1;
    %store/vec4 v0x556af72e60c0_0, 0, 1;
    %jmp T_6.7;
T_6.6 ;
    %pushi/vec4 0, 0, 1;
    %store/vec4 v0x556af72e5ff0_0, 0, 1;
    %pushi/vec4 1, 0, 1;
    %store/vec4 v0x556af72e5f50_0, 0, 1;
    %pushi/vec4 0, 0, 1;
    %store/vec4 v0x556af72e6180_0, 0, 1;
    %pushi/vec4 0, 0, 1;
    %store/vec4 v0x556af72e63f0_0, 0, 1;
    %pushi/vec4 0, 0, 1;
    %store/vec4 v0x556af72e5e90_0, 0, 1;
    %pushi/vec4 0, 0, 1;
    %store/vec4 v0x556af72e6350_0, 0, 1;
    %pushi/vec4 0, 0, 1;
    %store/vec4 v0x556af72e60c0_0, 0, 1;
    %jmp T_6.7;
T_6.7 ;
    %pop/vec4 1;
    %jmp T_6;
    .thread T_6, $push;
    .scope S_0x556af72e50b0;
T_7 ;
    %wait E_0x556af72b5a70;
    %load/vec4 v0x556af72e5490_0;
    %dup/vec4;
    %pushi/vec4 0, 0, 3;
    %cmp/u;
    %jmp/1 T_7.0, 6;
    %dup/vec4;
    %pushi/vec4 1, 0, 3;
    %cmp/u;
    %jmp/1 T_7.1, 6;
    %dup/vec4;
    %pushi/vec4 2, 0, 3;
    %cmp/u;
    %jmp/1 T_7.2, 6;
    %dup/vec4;
    %pushi/vec4 3, 0, 3;
    %cmp/u;
    %jmp/1 T_7.3, 6;
    %dup/vec4;
    %pushi/vec4 4, 0, 3;
    %cmp/u;
    %jmp/1 T_7.4, 6;
    %dup/vec4;
    %pushi/vec4 6, 0, 3;
    %cmp/u;
    %jmp/1 T_7.5, 6;
    %jmp T_7.6;
T_7.0 ;
    %load/vec4 v0x556af72e53d0_0;
    %dup/vec4;
    %pushi/vec4 0, 0, 4;
    %cmp/u;
    %jmp/1 T_7.7, 6;
    %dup/vec4;
    %pushi/vec4 1, 0, 4;
    %cmp/u;
    %jmp/1 T_7.8, 6;
    %dup/vec4;
    %pushi/vec4 4, 0, 4;
    %cmp/u;
    %jmp/1 T_7.9, 6;
    %dup/vec4;
    %pushi/vec4 5, 0, 4;
    %cmp/u;
    %jmp/1 T_7.10, 6;
    %dup/vec4;
    %pushi/vec4 6, 0, 4;
    %cmp/u;
    %jmp/1 T_7.11, 6;
    %dup/vec4;
    %pushi/vec4 7, 0, 4;
    %cmp/u;
    %jmp/1 T_7.12, 6;
    %dup/vec4;
    %pushi/vec4 3, 0, 4;
    %cmp/u;
    %jmp/1 T_7.13, 6;
    %dup/vec4;
    %pushi/vec4 2, 0, 4;
    %cmp/u;
    %jmp/1 T_7.14, 6;
    %jmp T_7.15;
T_7.7 ;
    %pushi/vec4 0, 0, 3;
    %store/vec4 v0x556af72e52f0_0, 0, 3;
    %jmp T_7.15;
T_7.8 ;
    %pushi/vec4 1, 0, 3;
    %store/vec4 v0x556af72e52f0_0, 0, 3;
    %jmp T_7.15;
T_7.9 ;
    %pushi/vec4 4, 0, 3;
    %store/vec4 v0x556af72e52f0_0, 0, 3;
    %jmp T_7.15;
T_7.10 ;
    %pushi/vec4 5, 0, 3;
    %store/vec4 v0x556af72e52f0_0, 0, 3;
    %jmp T_7.15;
T_7.11 ;
    %pushi/vec4 6, 0, 3;
    %store/vec4 v0x556af72e52f0_0, 0, 3;
    %jmp T_7.15;
T_7.12 ;
    %pushi/vec4 7, 0, 3;
    %store/vec4 v0x556af72e52f0_0, 0, 3;
    %jmp T_7.15;
T_7.13 ;
    %pushi/vec4 3, 0, 3;
    %store/vec4 v0x556af72e52f0_0, 0, 3;
    %jmp T_7.15;
T_7.14 ;
    %pushi/vec4 2, 0, 3;
    %store/vec4 v0x556af72e52f0_0, 0, 3;
    %jmp T_7.15;
T_7.15 ;
    %pop/vec4 1;
    %jmp T_7.6;
T_7.1 ;
    %pushi/vec4 0, 0, 3;
    %store/vec4 v0x556af72e52f0_0, 0, 3;
    %jmp T_7.6;
T_7.2 ;
    %pushi/vec4 1, 0, 3;
    %store/vec4 v0x556af72e52f0_0, 0, 3;
    %jmp T_7.6;
T_7.3 ;
    %pushi/vec4 0, 0, 3;
    %store/vec4 v0x556af72e52f0_0, 0, 3;
    %jmp T_7.6;
T_7.4 ;
    %pushi/vec4 0, 0, 3;
    %store/vec4 v0x556af72e52f0_0, 0, 3;
    %jmp T_7.6;
T_7.5 ;
    %pushi/vec4 1, 0, 3;
    %store/vec4 v0x556af72e52f0_0, 0, 3;
    %jmp T_7.6;
T_7.6 ;
    %pop/vec4 1;
    %jmp T_7;
    .thread T_7, $push;
    .scope S_0x556af72e6bc0;
T_8 ;
    %wait E_0x556af72e6e50;
    %load/vec4 v0x556af72e7410_0;
    %flag_set/vec4 8;
    %jmp/0xz  T_8.0, 8;
    %load/vec4 v0x556af72e7170_0;
    %ix/getv 3, v0x556af72e6fb0_0;
    %ix/load 4, 0, 0; Constant delay
    %assign/vec4/a/d v0x556af72e7350, 0, 4;
T_8.0 ;
    %jmp T_8;
    .thread T_8;
    .scope S_0x556af72e7560;
T_9 ;
    %wait E_0x556af72e7740;
    %load/vec4 v0x556af72e7a80_0;
    %dup/vec4;
    %pushi/vec4 0, 0, 1;
    %cmp/u;
    %jmp/1 T_9.0, 6;
    %dup/vec4;
    %pushi/vec4 1, 0, 1;
    %cmp/u;
    %jmp/1 T_9.1, 6;
    %jmp T_9.2;
T_9.0 ;
    %load/vec4 v0x556af72e77c0_0;
    %store/vec4 v0x556af72e79b0_0, 0, 16;
    %jmp T_9.2;
T_9.1 ;
    %load/vec4 v0x556af72e78f0_0;
    %store/vec4 v0x556af72e79b0_0, 0, 16;
    %jmp T_9.2;
T_9.2 ;
    %pop/vec4 1;
    %jmp T_9;
    .thread T_9, $push;
    .scope S_0x556af7292740;
T_10 ;
    %wait E_0x556af72e6e50;
    %vpi_call 2 59 "$display", "pc : %b instruction : %b ", v0x556af72ea190_0, v0x556af72e99d0_0 {0 0 0};
    %load/vec4 v0x556af72e9ba0_0;
    %flag_set/vec4 8;
    %load/vec4 v0x556af72e96b0_0;
    %load/vec4 v0x556af72e9a70_0;
    %and;
    %flag_set/vec4 9;
    %flag_or 9, 8;
    %jmp/0xz  T_10.0, 9;
    %load/vec4 v0x556af72e9ba0_0;
    %flag_set/vec4 8;
    %jmp/0xz  T_10.2, 8;
    %load/vec4 v0x556af72e9c70_0;
    %pad/u 16;
    %store/vec4 v0x556af72ea190_0, 0, 16;
T_10.2 ;
    %load/vec4 v0x556af72e96b0_0;
    %flag_set/vec4 8;
    %jmp/0xz  T_10.4, 8;
    %load/vec4 v0x556af72e9930_0;
    %pad/u 16;
    %store/vec4 v0x556af72ea190_0, 0, 16;
T_10.4 ;
    %jmp T_10.1;
T_10.0 ;
    %load/vec4 v0x556af72ea190_0;
    %addi 1, 0, 16;
    %store/vec4 v0x556af72ea190_0, 0, 16;
T_10.1 ;
    %load/vec4 v0x556af72e99d0_0;
    %cmpi/e 65535, 0, 16;
    %jmp/0xz  T_10.6, 4;
    %vpi_call 2 70 "$finish" {0 0 0};
T_10.6 ;
    %jmp T_10;
    .thread T_10;
    .scope S_0x556af7292740;
T_11 ;
    %pushi/vec4 0, 0, 1;
    %store/vec4 v0x556af72e9750_0, 0, 1;
    %pushi/vec4 0, 0, 16;
    %store/vec4 v0x556af72ea190_0, 0, 16;
    %vpi_call 2 78 "$dumpfile", "out.vcd" {0 0 0};
    %vpi_call 2 79 "$dumpvars", 32'sb00000000000000000000000000000000, v0x556af72e9750_0, v0x556af72ea790_0 {0 0 0};
    %end;
    .thread T_11;
    .scope S_0x556af7292740;
T_12 ;
    %delay 20, 0;
    %load/vec4 v0x556af72e9750_0;
    %inv;
    %store/vec4 v0x556af72e9750_0, 0, 1;
    %jmp T_12;
    .thread T_12;
# The file index is used to find the file name in the following table.
:file_names 12;
    "N/A";
    "<interactive>";
    "cpu.v";
    "././alu/alu.v";
    "././control/aluctrl.v";
    "././muxes/alumux.v";
    "././control/control.v";
    "././imem/imem.v";
    "././mem/mem.v";
    "././muxes/memmux.v";
    "././regfile/regfile.v";
    "././muxes/regfilemux.v";
